2025-04-26 07:24:00 | DEBUG | repo=arquillian-phantom-driver | action=edit | files=2
2025-01-07 13:30:00 | INFO | repo=arquillian-phantom-driver | action=commit
2025-05-03 13:32:00 | DEBUG | repo=arquillian-phantom-driver | action=commit
2025-07-15 19:35:00 | INFO | repo=arquillian-phantom-driver | action=commit
2025-12-13 13:05:00 | INFO | repo=arquillian-phantom-driver | action=commit
2025-05-15 17:14:00 | INFO | repo=arquillian-phantom-driver | action=pull
2025-08-17 08:12:00 | WARN | repo=arquillian-phantom-driver | action=commit
2025-12-08 10:10:00 | INFO | repo=arquillian-phantom-driver | action=commit
2025-04-01 10:35:00 | INFO | repo=arquillian-phantom-driver | action=edit | files=4
2025-03-06 07:27:00 | INFO | repo=arquillian-phantom-driver | action=test | passed=true
2025-05-02 08:49:00 | DEBUG | repo=arquillian-phantom-driver | action=edit | files=3
2025-11-06 10:23:00 | INFO | repo=arquillian-phantom-driver | action=commit
2025-08-06 09:07:00 | INFO | repo=arquillian-phantom-driver | action=edit | files=3
2025-05-09 19:52:00 | INFO | repo=arquillian-phantom-driver | action=commit
2025-06-20 08:14:00 | WARN | repo=arquillian-phantom-driver | action=test | passed=true
2025-09-15 08:21:00 | WARN | repo=arquillian-phantom-driver | action=commit
2025-10-28 07:25:00 | WARN | repo=arquillian-phantom-driver | action=commit
2025-07-19 09:56:00 | WARN | repo=arquillian-phantom-driver | action=edit | files=3
2025-08-18 21:53:00 | DEBUG | repo=arquillian-phantom-driver | action=commit
2025-01-23 09:44:00 | INFO | repo=arquillian-phantom-driver | action=test | passed=true
2025-04-18 21:50:00 | INFO | repo=arquillian-phantom-driver | action=test | passed=true
2025-10-25 18:35:00 | INFO | repo=arquillian-phantom-driver | action=commit
2025-07-27 08:00:00 | DEBUG | repo=arquillian-phantom-driver | action=commit
2025-10-08 07:09:00 | DEBUG | repo=arquillian-phantom-driver | action=commit
2025-03-24 19:09:00 | DEBUG | repo=arquillian-phantom-driver | action=commit
2025-12-05 08:19:00 | INFO | repo=arquillian-phantom-driver | action=test | passed=true
2025-05-08 18:00:00 | INFO | repo=arquillian-phantom-driver | action=commit
2025-10-16 08:23:00 | DEBUG | repo=arquillian-phantom-driver | action=commit
2025-10-12 18:44:00 | DEBUG | repo=arquillian-phantom-driver | action=commit
2025-05-24 15:57:00 | INFO | repo=arquillian-phantom-driver | action=commit
2025-04-14 20:09:00 | INFO | repo=arquillian-phantom-driver | action=commit
2025-06-05 08:55:00 | WARN | repo=arquillian-phantom-driver | action=commit
2025-05-01 20:06:00 | WARN | repo=arquillian-phantom-driver | action=commit
2025-03-05 08:42:00 | INFO | repo=arquillian-phantom-driver | action=commit
2025-12-24 13:41:00 | DEBUG | repo=arquillian-phantom-driver | action=test | passed=true
2025-12-26 21:04:00 | INFO | repo=arquillian-phantom-driver | action=commit
2025-08-17 18:36:00 | INFO | repo=arquillian-phantom-driver | action=test | passed=true
2025-03-26 09:24:00 | WARN | repo=arquillian-phantom-driver | action=commit
2025-04-10 09:42:00 | DEBUG | repo=arquillian-phantom-driver | action=commit
2025-04-12 21:53:00 | WARN | repo=arquillian-phantom-driver | action=commit
2025-08-24 20:48:00 | INFO | repo=arquillian-phantom-driver | action=commit
2025-03-18 13:38:00 | DEBUG | repo=arquillian-phantom-driver | action=edit | files=5
2025-03-04 19:37:00 | DEBUG | repo=arquillian-phantom-driver | action=commit
2025-09-03 11:25:00 | WARN | repo=arquillian-phantom-driver | action=test | passed=true
2025-07-27 18:37:00 | WARN | repo=arquillian-phantom-driver | action=edit | files=4
2025-08-15 07:53:00 | DEBUG | repo=arquillian-phantom-driver | action=edit | files=4
2025-01-18 19:16:00 | DEBUG | repo=arquillian-phantom-driver | action=commit
2025-05-07 19:41:00 | WARN | repo=arquillian-phantom-driver | action=commit
2025-10-25 10:17:00 | DEBUG | repo=arquillian-phantom-driver | action=commit
2025-11-21 07:43:00 | INFO | repo=arquillian-phantom-driver | action=pull
2025-07-09 14:27:00 | INFO | repo=arquillian-phantom-driver | action=commit
2025-02-11 18:28:00 | DEBUG | repo=arquillian-phantom-driver | action=commit
2025-01-16 20:14:00 | WARN | repo=arquillian-phantom-driver | action=commit
2025-08-22 16:02:00 | WARN | repo=arquillian-phantom-driver | action=commit
2025-07-06 18:23:00 | DEBUG | repo=arquillian-phantom-driver | action=commit
2025-07-04 09:48:00 | WARN | repo=arquillian-phantom-driver | action=commit
2025-12-18 11:39:00 | WARN | repo=arquillian-phantom-driver | action=commit
2025-08-05 09:34:00 | WARN | repo=arquillian-phantom-driver | action=commit
2025-09-13 13:50:00 | INFO | repo=arquillian-phantom-driver | action=commit
2025-04-08 08:03:00 | WARN | repo=arquillian-phantom-driver | action=edit | files=5
2025-09-09 08:33:00 | DEBUG | repo=arquillian-phantom-driver | action=commit
2025-03-16 13:29:00 | INFO | repo=arquillian-phantom-driver | action=commit
2025-02-20 18:00:00 | WARN | repo=arquillian-phantom-driver | action=commit
2025-08-18 15:32:00 | DEBUG | repo=arquillian-phantom-driver | action=commit
2025-04-12 12:29:00 | INFO | repo=arquillian-phantom-driver | action=commit
2025-03-25 20:37:00 | INFO | repo=arquillian-phantom-driver | action=test | passed=true
2025-02-22 20:24:00 | WARN | repo=arquillian-phantom-driver | action=pull
2025-09-19 13:06:00 | DEBUG | repo=arquillian-phantom-driver | action=commit
